1708311853.365123 client started (61664): version 3.2a, socket /tmp/tmux-1000/default, protocol 8
1708311853.365160 on Linux 6.5.0-18-generic #18~22.04.1-Ubuntu SMP PREEMPT_DYNAMIC Wed Feb  7 11:40:03 UTC 2
1708311853.365167 using libevent 2.1.12-stable (poll); ncurses 6.3
1708311853.365185 flags are 0x10010000
1708311853.365190 socket is /tmp/tmux-1000/default
1708311853.365205 trying connect
1708311853.365280 add peer 0x55e535ae2c30: 6 ((nil))
1708311853.365597 sending message 100 to peer 0x55e535ae2c30 (4 bytes)
1708311853.365608 sending message 111 to peer 0x55e535ae2c30 (8 bytes)
1708311853.365614 sending message 101 to peer 0x55e535ae2c30 (16 bytes)
1708311853.365619 sending message 109 to peer 0x55e535ae2c30 (4 bytes)
1708311853.365624 sending message 102 to peer 0x55e535ae2c30 (11 bytes)
1708311853.365629 sending message 108 to peer 0x55e535ae2c30 (24 bytes)
1708311853.365634 sending message 112 to peer 0x55e535ae2c30 (70 bytes)
1708311853.365640 sending message 112 to peer 0x55e535ae2c30 (5 bytes)
1708311853.365645 sending message 112 to peer 0x55e535ae2c30 (5 bytes)
1708311853.365650 sending message 112 to peer 0x55e535ae2c30 (6 bytes)
1708311853.365655 sending message 112 to peer 0x55e535ae2c30 (6 bytes)
1708311853.365659 sending message 112 to peer 0x55e535ae2c30 (11 bytes)
1708311853.365664 sending message 112 to peer 0x55e535ae2c30 (10 bytes)
1708311853.365669 sending message 112 to peer 0x55e535ae2c30 (13 bytes)
1708311853.365674 sending message 112 to peer 0x55e535ae2c30 (13 bytes)
1708311853.365679 sending message 112 to peer 0x55e535ae2c30 (18 bytes)
1708311853.365684 sending message 112 to peer 0x55e535ae2c30 (11 bytes)
1708311853.365688 sending message 112 to peer 0x55e535ae2c30 (21 bytes)
1708311853.365693 sending message 112 to peer 0x55e535ae2c30 (13 bytes)
1708311853.365698 sending message 112 to peer 0x55e535ae2c30 (7 bytes)
1708311853.365703 sending message 112 to peer 0x55e535ae2c30 (13 bytes)
1708311853.365707 sending message 112 to peer 0x55e535ae2c30 (7 bytes)
1708311853.365713 sending message 112 to peer 0x55e535ae2c30 (13 bytes)
1708311853.365718 sending message 112 to peer 0x55e535ae2c30 (9 bytes)
1708311853.365724 sending message 112 to peer 0x55e535ae2c30 (21 bytes)
1708311853.365728 sending message 112 to peer 0x55e535ae2c30 (13 bytes)
1708311853.365733 sending message 112 to peer 0x55e535ae2c30 (8 bytes)
1708311853.365738 sending message 112 to peer 0x55e535ae2c30 (12 bytes)
1708311853.365743 sending message 112 to peer 0x55e535ae2c30 (13 bytes)
1708311853.365748 sending message 112 to peer 0x55e535ae2c30 (9 bytes)
1708311853.365753 sending message 112 to peer 0x55e535ae2c30 (9 bytes)
1708311853.365757 sending message 112 to peer 0x55e535ae2c30 (12 bytes)
1708311853.365762 sending message 112 to peer 0x55e535ae2c30 (8 bytes)
1708311853.365767 sending message 112 to peer 0x55e535ae2c30 (7 bytes)
1708311853.365772 sending message 112 to peer 0x55e535ae2c30 (7 bytes)
1708311853.365776 sending message 112 to peer 0x55e535ae2c30 (9 bytes)
1708311853.365781 sending message 112 to peer 0x55e535ae2c30 (13 bytes)
1708311853.365786 sending message 112 to peer 0x55e535ae2c30 (9 bytes)
1708311853.365791 sending message 112 to peer 0x55e535ae2c30 (15 bytes)
1708311853.365796 sending message 112 to peer 0x55e535ae2c30 (13 bytes)
1708311853.365801 sending message 112 to peer 0x55e535ae2c30 (12 bytes)
1708311853.365805 sending message 112 to peer 0x55e535ae2c30 (8 bytes)
1708311853.365810 sending message 112 to peer 0x55e535ae2c30 (14 bytes)
1708311853.365815 sending message 112 to peer 0x55e535ae2c30 (9 bytes)
1708311853.365820 sending message 112 to peer 0x55e535ae2c30 (10 bytes)
1708311853.365824 sending message 112 to peer 0x55e535ae2c30 (10 bytes)
1708311853.365829 sending message 112 to peer 0x55e535ae2c30 (10 bytes)
1708311853.365834 sending message 112 to peer 0x55e535ae2c30 (10 bytes)
1708311853.365839 sending message 112 to peer 0x55e535ae2c30 (11 bytes)
1708311853.365844 sending message 112 to peer 0x55e535ae2c30 (10 bytes)
1708311853.365848 sending message 112 to peer 0x55e535ae2c30 (8 bytes)
1708311853.365867 sending message 112 to peer 0x55e535ae2c30 (11 bytes)
1708311853.365872 sending message 112 to peer 0x55e535ae2c30 (11 bytes)
1708311853.365877 sending message 112 to peer 0x55e535ae2c30 (11 bytes)
1708311853.365882 sending message 112 to peer 0x55e535ae2c30 (8 bytes)
1708311853.365887 sending message 112 to peer 0x55e535ae2c30 (8 bytes)
1708311853.365892 sending message 112 to peer 0x55e535ae2c30 (8 bytes)
1708311853.365897 sending message 112 to peer 0x55e535ae2c30 (10 bytes)
1708311853.365901 sending message 112 to peer 0x55e535ae2c30 (10 bytes)
1708311853.365906 sending message 112 to peer 0x55e535ae2c30 (10 bytes)
1708311853.365911 sending message 112 to peer 0x55e535ae2c30 (10 bytes)
1708311853.365916 sending message 112 to peer 0x55e535ae2c30 (10 bytes)
1708311853.365921 sending message 112 to peer 0x55e535ae2c30 (11 bytes)
1708311853.365925 sending message 112 to peer 0x55e535ae2c30 (11 bytes)
1708311853.365930 sending message 112 to peer 0x55e535ae2c30 (10 bytes)
1708311853.365935 sending message 112 to peer 0x55e535ae2c30 (9 bytes)
1708311853.365940 sending message 112 to peer 0x55e535ae2c30 (9 bytes)
1708311853.365945 sending message 112 to peer 0x55e535ae2c30 (12 bytes)
1708311853.365949 sending message 112 to peer 0x55e535ae2c30 (9 bytes)
1708311853.365954 sending message 112 to peer 0x55e535ae2c30 (6 bytes)
1708311853.365959 sending message 112 to peer 0x55e535ae2c30 (13 bytes)
1708311853.365964 sending message 112 to peer 0x55e535ae2c30 (8 bytes)
1708311853.365969 sending message 112 to peer 0x55e535ae2c30 (15 bytes)
1708311853.365974 sending message 112 to peer 0x55e535ae2c30 (13 bytes)
1708311853.365979 sending message 112 to peer 0x55e535ae2c30 (70 bytes)
1708311853.365984 sending message 112 to peer 0x55e535ae2c30 (69 bytes)
1708311853.365989 sending message 112 to peer 0x55e535ae2c30 (10 bytes)
1708311853.365993 sending message 112 to peer 0x55e535ae2c30 (8 bytes)
1708311853.365998 sending message 112 to peer 0x55e535ae2c30 (15 bytes)
1708311853.366003 sending message 112 to peer 0x55e535ae2c30 (13 bytes)
1708311853.366008 sending message 112 to peer 0x55e535ae2c30 (10 bytes)
1708311853.366013 sending message 112 to peer 0x55e535ae2c30 (10 bytes)
1708311853.366018 sending message 112 to peer 0x55e535ae2c30 (5 bytes)
1708311853.366022 sending message 112 to peer 0x55e535ae2c30 (15 bytes)
1708311853.366028 sending message 104 to peer 0x55e535ae2c30 (0 bytes)
1708311853.366033 sending message 110 to peer 0x55e535ae2c30 (0 bytes)
1708311853.366039 sending message 107 to peer 0x55e535ae2c30 (4 bytes)
1708311853.366044 sending message 105 to peer 0x55e535ae2c30 (16 bytes)
1708311853.366049 sending message 105 to peer 0x55e535ae2c30 (32 bytes)
1708311853.366053 sending message 105 to peer 0x55e535ae2c30 (82 bytes)
1708311853.366058 sending message 105 to peer 0x55e535ae2c30 (18 bytes)
1708311853.366063 sending message 105 to peer 0x55e535ae2c30 (19 bytes)
1708311853.366068 sending message 105 to peer 0x55e535ae2c30 (20 bytes)
1708311853.366073 sending message 105 to peer 0x55e535ae2c30 (125 bytes)
1708311853.366078 sending message 105 to peer 0x55e535ae2c30 (8 bytes)
1708311853.366083 sending message 105 to peer 0x55e535ae2c30 (26 bytes)
1708311853.366088 sending message 105 to peer 0x55e535ae2c30 (19 bytes)
1708311853.366093 sending message 105 to peer 0x55e535ae2c30 (36 bytes)
1708311853.366097 sending message 105 to peer 0x55e535ae2c30 (20 bytes)
1708311853.366103 sending message 105 to peer 0x55e535ae2c30 (54 bytes)
1708311853.366108 sending message 105 to peer 0x55e535ae2c30 (12 bytes)
1708311853.366113 sending message 105 to peer 0x55e535ae2c30 (51 bytes)
1708311853.366118 sending message 105 to peer 0x55e535ae2c30 (52 bytes)
1708311853.366122 sending message 105 to peer 0x55e535ae2c30 (20 bytes)
1708311853.366127 sending message 105 to peer 0x55e535ae2c30 (43 bytes)
1708311853.366132 sending message 105 to peer 0x55e535ae2c30 (23 bytes)
1708311853.366137 sending message 105 to peer 0x55e535ae2c30 (71 bytes)
1708311853.366142 sending message 105 to peer 0x55e535ae2c30 (16 bytes)
1708311853.366147 sending message 105 to peer 0x55e535ae2c30 (28 bytes)
1708311853.366174 sending message 105 to peer 0x55e535ae2c30 (15 bytes)
1708311853.366184 sending message 105 to peer 0x55e535ae2c30 (28 bytes)
1708311853.366189 sending message 105 to peer 0x55e535ae2c30 (27 bytes)
1708311853.366194 sending message 105 to peer 0x55e535ae2c30 (13 bytes)
1708311853.366199 sending message 105 to peer 0x55e535ae2c30 (21 bytes)
1708311853.366204 sending message 105 to peer 0x55e535ae2c30 (110 bytes)
1708311853.366209 sending message 105 to peer 0x55e535ae2c30 (52 bytes)
1708311853.366214 sending message 105 to peer 0x55e535ae2c30 (22 bytes)
1708311853.366219 sending message 105 to peer 0x55e535ae2c30 (41 bytes)
1708311853.366223 sending message 105 to peer 0x55e535ae2c30 (62 bytes)
1708311853.366228 sending message 105 to peer 0x55e535ae2c30 (13 bytes)
1708311853.366233 sending message 105 to peer 0x55e535ae2c30 (84 bytes)
1708311853.366238 sending message 105 to peer 0x55e535ae2c30 (16 bytes)
1708311853.366243 sending message 105 to peer 0x55e535ae2c30 (14 bytes)
1708311853.366248 sending message 105 to peer 0x55e535ae2c30 (18 bytes)
1708311853.366253 sending message 105 to peer 0x55e535ae2c30 (17 bytes)
1708311853.366258 sending message 105 to peer 0x55e535ae2c30 (1519 bytes)
1708311853.366265 sending message 105 to peer 0x55e535ae2c30 (24 bytes)
1708311853.366270 sending message 105 to peer 0x55e535ae2c30 (18 bytes)
1708311853.366275 sending message 105 to peer 0x55e535ae2c30 (23 bytes)
1708311853.366280 sending message 105 to peer 0x55e535ae2c30 (21 bytes)
1708311853.366285 sending message 105 to peer 0x55e535ae2c30 (86 bytes)
1708311853.366290 sending message 105 to peer 0x55e535ae2c30 (24 bytes)
1708311853.366295 sending message 105 to peer 0x55e535ae2c30 (34 bytes)
1708311853.366299 sending message 105 to peer 0x55e535ae2c30 (23 bytes)
1708311853.366304 sending message 105 to peer 0x55e535ae2c30 (21 bytes)
1708311853.366309 sending message 105 to peer 0x55e535ae2c30 (51 bytes)
1708311853.366314 sending message 105 to peer 0x55e535ae2c30 (32 bytes)
1708311853.366318 sending message 105 to peer 0x55e535ae2c30 (10 bytes)
1708311853.366323 sending message 105 to peer 0x55e535ae2c30 (13 bytes)
1708311853.366328 sending message 105 to peer 0x55e535ae2c30 (50 bytes)
1708311853.366333 sending message 105 to peer 0x55e535ae2c30 (22 bytes)
1708311853.366338 sending message 105 to peer 0x55e535ae2c30 (30 bytes)
1708311853.366343 sending message 105 to peer 0x55e535ae2c30 (11 bytes)
1708311853.366348 sending message 105 to peer 0x55e535ae2c30 (8 bytes)
1708311853.366354 sending message 105 to peer 0x55e535ae2c30 (11 bytes)
1708311853.366361 sending message 105 to peer 0x55e535ae2c30 (18 bytes)
1708311853.366369 sending message 105 to peer 0x55e535ae2c30 (56 bytes)
1708311853.366374 sending message 105 to peer 0x55e535ae2c30 (24 bytes)
1708311853.366379 sending message 105 to peer 0x55e535ae2c30 (11 bytes)
1708311853.366384 sending message 105 to peer 0x55e535ae2c30 (46 bytes)
1708311853.366389 sending message 105 to peer 0x55e535ae2c30 (17 bytes)
1708311853.366394 sending message 105 to peer 0x55e535ae2c30 (31 bytes)
1708311853.366399 sending message 105 to peer 0x55e535ae2c30 (30 bytes)
1708311853.366404 sending message 105 to peer 0x55e535ae2c30 (28 bytes)
1708311853.366409 sending message 105 to peer 0x55e535ae2c30 (102 bytes)
1708311853.366414 sending message 105 to peer 0x55e535ae2c30 (22 bytes)
1708311853.366419 sending message 105 to peer 0x55e535ae2c30 (884 bytes)
1708311853.366425 sending message 105 to peer 0x55e535ae2c30 (18 bytes)
1708311853.366430 sending message 105 to peer 0x55e535ae2c30 (54 bytes)
1708311853.366435 sending message 105 to peer 0x55e535ae2c30 (25 bytes)
1708311853.366440 sending message 105 to peer 0x55e535ae2c30 (28 bytes)
1708311853.366445 sending message 105 to peer 0x55e535ae2c30 (35 bytes)
1708311853.366450 sending message 105 to peer 0x55e535ae2c30 (18 bytes)
1708311853.366455 sending message 105 to peer 0x55e535ae2c30 (16 bytes)
1708311853.366460 sending message 105 to peer 0x55e535ae2c30 (10 bytes)
1708311853.366470 sending message 106 to peer 0x55e535ae2c30 (0 bytes)
1708311853.366477 sending message 200 to peer 0x55e535ae2c30 (4 bytes)
1708311853.366482 client loop enter
1708311853.367128 peer 0x55e535ae2c30 message 303
1708311853.367142 open write file 2 -
1708311853.367153 sending message 305 to peer 0x55e535ae2c30 (8 bytes)
1708311853.367167 write check file 2
1708311853.367417 peer 0x55e535ae2c30 message 304
1708311853.367430 write 58 to file 2
1708311853.367438 peer 0x55e535ae2c30 message 203
1708311853.367444 file 2 58 bytes left
1708311853.367464 write check file 2
1708311853.367470 client loop exit
